<?xml version="1.0" encoding="UTF-8"?>
<testng-results skipped="0" failed="0" total="1" passed="1">
  <reporter-output>
    <line>
      <![CDATA[STEP1]]>
    </line>
    <line>
      <![CDATA[STEP2]]>
    </line>
    <line>
      <![CDATA[STEP3]]>
    </line>
  </reporter-output>
  <suite name="Equitrac Regression" duration-ms="1686" started-at="2018-03-29T12:03:57Z" finished-at="2018-03-29T12:03:59Z">
    <groups>
    </groups>
    <test name="Test Add User" duration-ms="1686" started-at="2018-03-29T12:03:57Z" finished-at="2018-03-29T12:03:59Z">
      <class name="com.nuance.eq.tests.TesEQ">
        <test-method status="PASS" signature="setUp()[pri:0, instance:com.nuance.eq.tests.TesEQ@1d730606]" name="setUp" is-config="true" duration-ms="73" started-at="2018-03-29T17:33:57Z" finished-at="2018-03-29T17:33:58Z">
          <reporter-output>
          </reporter-output>
        </test-method> <!-- setUp -->
        <test-method status="PASS" signature="testActiveDirectory(java.lang.String, java.lang.String, java.lang.String, java.lang.String, java.lang.String, java.lang.String, java.lang.String, java.lang.String, java.lang.String, java.lang.String, java.lang.String, java.lang.String, java.lang.String)[pri:0, instance:com.nuance.eq.tests.TesEQ@1d730606]" name="testActiveDirectory" duration-ms="1529" started-at="2018-03-29T17:33:58Z" description="Test Active Directory" data-provider="testActiveDirectory" finished-at="2018-03-29T17:33:59Z">
          <params>
            <param index="0">
              <value>
                <![CDATA[1]]>
              </value>
            </param>
            <param index="1">
              <value>
                <![CDATA[yes]]>
              </value>
            </param>
            <param index="2">
              <value>
                <![CDATA[10.66.38.135]]>
              </value>
            </param>
            <param index="3">
              <value>
                <![CDATA[false]]>
              </value>
            </param>
            <param index="4">
              <value>
                <![CDATA[administrator]]>
              </value>
            </param>
            <param index="5">
              <value>
                <![CDATA[ADEquitrac@125]]>
              </value>
            </param>
            <param index="6">
              <value>
                <![CDATA[DC=puneqadc,DC=ca]]>
              </value>
            </param>
            <param index="7">
              <value>
                <![CDATA[true]]>
              </value>
            </param>
            <param index="8">
              <value>
                <![CDATA[true]]>
              </value>
            </param>
            <param index="9">
              <value>
                <![CDATA[true]]>
              </value>
            </param>
            <param index="10">
              <value>
                <![CDATA[true]]>
              </value>
            </param>
            <param index="11">
              <value>
                <![CDATA[true]]>
              </value>
            </param>
            <param index="12">
              <value>
                <![CDATA[true]]>
              </value>
            </param>
          </params>
          <reporter-output>
            <line>
              <![CDATA[STEP1]]>
            </line>
            <line>
              <![CDATA[STEP2]]>
            </line>
            <line>
              <![CDATA[STEP3]]>
            </line>
          </reporter-output>
        </test-method> <!-- testActiveDirectory -->
      </class> <!-- com.nuance.eq.tests.TesEQ -->
    </test> <!-- Test Add User -->
  </suite> <!-- Equitrac Regression -->
</testng-results>
